make.exe all -f "C:\Users\vinicius.barros\Documents\estudos\Nova pasta\Data-Structures\AbstractDataTypes\HashTable\makefile" --print-data-base --no-builtin-variables --no-builtin-rules --question
# GNU Make 4.2.1
# Built for x86_64-w64-mingw32
# Copyright (C) 1988-2016 Free Software Foundation, Inc.
# License GPLv3+: GNU GPL version 3 or later <http://gnu.org/licenses/gpl.html>
# This is free software: you are free to change and redistribute it.
# There is NO WARRANTY, to the extent permitted by law.

# Make data base, printed on Wed May 12 21:21:00 2021

# Variables

# 'override' directive
GNUMAKEFLAGS := 
# automatic
<D = $(patsubst %/,%,$(patsubst %\,%,$(dir $<)))
# automatic
?F = $(notdir $?)
# default
.SHELLFLAGS := -c
# makefile (from 'C:\Users\vinicius.barros\Documents\estudos\Nova pasta\Data-Structures\AbstractDataTypes\HashTable\makefile', line 18)
OBJ = $(SRC:$(SRCDIR)/%$(EXT)=$(OBJDIR)/%.o)
# makefile (from 'C:\Users\vinicius.barros\Documents\estudos\Nova pasta\Data-Structures\AbstractDataTypes\HashTable\makefile', line 17)
SRC = $(wildcard $(SRCDIR)/*$(EXT))
# makefile
MAKEFLAGS = pqrR
# environment
VSCODE_LOG_NATIVE = false
# automatic
?D = $(patsubst %/,%,$(patsubst %\,%,$(dir $?)))
# automatic
@D = $(patsubst %/,%,$(patsubst %\,%,$(dir $@)))
# environment
HOMEDRIVE = C:
# automatic
@F = $(notdir $@)
# automatic
^D = $(patsubst %/,%,$(patsubst %\,%,$(dir $^)))
# makefile
CURDIR := c:/Users/vinicius.barros/Documents/estudos/Nova pasta/Data-Structures
# default
SHELL := sh.exe
# makefile (from 
 'C:\Users\vinicius.barros\Documents\estudos\Nova pasta\Data-Structures\AbstractDataTypes\HashTable\makefile', line 21)
RM = rm
# environment
WINDIR = C:\WINDOWS
# environment
VSCODE_NLS_CONFIG = {"locale":"pt-br","availableLanguages":{},"_languagePackSupport":true}
# environment
VBOX_MSI_INSTALL_PATH = C:\Program Files\Oracle\VirtualBox\
# environment
ONEDRIVE = C:\Users\vinicius.barros\OneDrive
# environment
PATHEXT = .COM;.EXE;.BAT;.CMD;.VBS;.VBE;.JS;.JSE;.WSF;.WSH;.MSC
# makefile (from 'C:\Users\vinicius.barros\Documents\estudos\Nova pasta\Data-Structures\AbstractDataTypes\HashTable\makefile', line 1)
MAKEFILE_LIST :=  C:\Users\vinicius.barros\Documents\estudos\Nova pasta\Data-Structures\AbstractDataTypes\HashTable\makefile
# environment
VSCODE_NODE_CACHED_DATA_DIR = C:\Users\vinicius.barros\AppData\Roaming\Code\CachedData\e713fe9b05fc24facbec8f34fb1017133858842b
# environment
TMP = C:\Users\VINICI~1.BAR\AppData\Local\Temp
# makefile (from 'C:\Users\vinicius.barros\Documents\estudos\Nova pasta\Data-Structures\AbstractDataTypes\HashTable\makefile', line 7)
CXXFLAGS = -std=c11 -Wall
# environment
VSCODE_VERBOSE_LOGGING = true
# environment
PROGRAMW6432 = C:\Program Files
# makefile (from 'C:\Users\vinicius.barros\Documents\estudos\Nova pasta\Data-Structures\AbstractDataTypes\HashTable\makefile', line 24)
DEL = del
# environment
PROGRAMDATA = C:\ProgramData
# environment
VSCODE_IPC_HOOK_EXTHOST = \\.\pipe\vscode-ipc-5eca52db-ed3f-402e-960a-c45dd3c286ea-sock
# environment
VSCODE_CWD = C:\Users\vinicius.barros\AppData\Local\Programs\Microsoft VS Code
# default
MAKE_HOST := x86_64-w64-mingw32
# environment
PATH = C:\Program Files\Docker\Docker\Resources\bin;C:\Program Files (x86)\Common Files\Oracle\Java\javapath;C:\WINDOWS\system32;C:\WINDOWS;C:\WINDOWS\System32\Wbem;C:\WINDOWS\System32\WindowsPowerShell\v1.0\;C:\WINDOWS\System32\OpenSSH\;C:\Program Files\Git\cmd;C:\Users\vinicius.barros\jmeter-apm\apache-jmeter-5.0\bin;C:\Users\vinicius.barros\Downloads\cmder\vendor\conemu-maximus5;C:\Program Files (x86)\GnuWin32\bin;C:\ProgramData\chocolatey\bin;C:\Users\vinicius.barros\apache-maven-3.6.3-bin\apache-maven-3.6.3\bin;C:\Users\vinicius.barros\eclipse-jee-2020-03-R-incubation-win32-x86_64\eclipse;C:\Users\vinicius.barros\Downloads\jboss\bin;C:\Program Files (x86)\IncrediBuild;C:\Program Files\CodeBlocks\MinGW\bin;C:\Program Files\MySQL\MySQL Shell 8.0\bin\;C:\Users\vinicius.barros\AppData\Local\Microsoft\WindowsApps;C:\Program Files\Redis\;C:\Program Files\MongoDB\Server\4.2\bin;;C:\Users\vinicius.barros\AppData\Local\Programs\Microsoft VS Code\bin
# environment
COMMONPROGRAMW6432 = C:\Program Files\Common Files
# makefile (from 'C:\Users\vinicius.barros\Documents\estudos\Nova pasta\Data-Structures\AbstractDataTypes\HashTable\makefile', line 19)
DEP = $(OBJ:$(OBJDIR)/%.o=%.d)
# environment
CHOCOLATEYLASTPATHUPDATE = 132300925473756014
# environment
PROCESSOR_ARCHITECTURE = AMD64
# environment
USERPROFILE = C:\Users\vinicius.barros
# environment
CHOCOLATEYINSTALL = C:\ProgramData\chocolatey
# environment
ALLUSERSPROFILE = C:\ProgramData
# environment
VSCODE_LOG_STACK = false
# environment
NUMBER_OF_PROCESSORS = 4
# environment
ELECTRON_RUN_AS_NODE = 1
# makefile (from 'C:\Users\vinicius.barros\Documents\estudos\Nova pasta\Data-Structures\AbstractDataTypes\HashTable\makefile', line 8)
LDFLAGS = 
# environment
MINGW_HOME = C:\Program Files\CodeBlocks\MinGW
# default
.FEATURES := target-specific order-only second-expansion else-if shortest-stem undefine oneshell archives jobserver output-sync
# makefile (from 'C:\Users\vinicius.barros\Documents\estudos\Nova pasta\Data-Structures\AbstractDataTypes\HashTable\makefile', line 13)
SRCDIR = .
# automatic
%F = $(notdir $%)
# environment
CHROME_CRASHPAD_PIPE_NAME = \\.\pipe\crashpad_5224_JPOBZOTMOCIBTAED
# environment
VSCODE_PIPE_LOGGING = true
# environment
COMPUTERNAME = NOTE_JJNOXQ2
# environment
PROGRAMFILES = C:\Program Files
# default
.LOADED := 
# environment
USERDNSDOMAIN = YAMAN.BR
# environment
DRIVERDATA = C:\Windows\System32\Drivers\DriverData
# environment
ORIGINAL_XDG_CURRENT_DESKTOP = undefined
# environment
USERNAME = vinicius.barros
# environment
PUBLIC = C:\Users\Public
# environment
VSCODE_AMD_ENTRYPOINT = vs/workbench/services/extensions/node/extensionHostProcess
# environment
APPLICATION_INSIGHTS_NO_DIAGNOSTIC_CHANNEL = true
# makefile (from 'C:\Users\vinicius.barros\Documents\estudos\Nova pasta\Data-Structures\AbstractDataTypes\HashTable\makefile', line 22)
DELOBJ = $(OBJ)
# environment
COMMONPROGRAMFILES = C:\Program Files\Common Files
# environment
LOGONSERVER = \\ACTIVE-DIRECTOR
# environment
VSCODE_HANDLES_UNCAUGHT_ERRORS = true
# environment
USERDOMAIN = YAMAN
# environment
MAKELEVEL := 0
# environment
INTELLIJ IDEA COMMUNITY EDITION = C:\Users\vinicius.barros\AppData\Local\JetBrains\IntelliJ IDEA Community Edition 2019.2.2\bin;
# default
MAKE = $(MAKE_COMMAND)
# default
MAKECMDGOALS := all
# makefile (from 'C:\Users\vinicius.barros\Documents\estudos\Nova pasta\Data-Structures\AbstractDataTypes\HashTable\makefile', line 11)
APPNAME = main
# makefile (from 'C:\Users\vinicius.barros\Documents\estudos\Nova pasta\Data-Structures\AbstractDataTypes\HashTable\makefile', line 6)
CC = gcc
# environment
JAVA_HOME = C:\Program Files\Java\jdk-12.0.2
# default
MAKE_VERSION := 4.2.1
# makefile
.DEFAULT_GOAL := all
# environment
CLASSPATH = C:\Program Files\Java\jdk-12.0.2\lib;C:\Program Files\Java\jdk-12.0.2\lib\tools.jar;C:\Program Files\Java\jdk-12.0.2\lib\dt.jar;C:\Program Files\Java\jdk-12.0.2\lib\htmlconverter.jar;C:\Program Files\Java\jdk-12.0.2\jre\lib;C:\Program Files\Java\jdk-12.0.2\jre\lib\rt.jar;C:\Users\vinicius.barros\Downloads\hamcrest-1.3\hamcrest-1.3\hamcrest-all-1.3.jar;C:\Users\vinicius.barros\apache-maven-3.6.3-bin\apache-maven-3.6.3\bin
# environment
PROGRAMFILES(X86) = C:\Program Files (x86)
# automatic
%D = $(patsubst %/,%,$(patsubst %\,%,$(dir $%)))
# environment
LOCALAPPDATA = C:\Users\vinicius.barros\AppData\Local
# environment
PSMODULEPATH = C:\Program Files\WindowsPowerShell\Modules;C:\WINDOWS\system32\WindowsPowerShell\v1.0\Modules
# default
MAKE_COMMAND := make.exe
# default
.VARIABLES := 
# automatic
*F = $(notdir $*)
# environment
PROCESSOR_IDENTIFIER = Intel64 Family 6 Model 142 Stepping 9, GenuineIntel
# environment
OS = Windows_NT
# environment
VSCODE_IPC_HOOK = \\.\pipe\57021dc0952812caaaf8f331ad5487c5-1.56.1-main-sock
# makefile (from 'C:\Users\vinicius.barros\Documents\estudos\Nova pasta\Data-Structures\AbstractDataTypes\HashTable\makefile', line 12)
EXT = .c
# environment
HOMEPATH = \Users\vinicius.barros
# environment
COMMONPROGRAMFILES(X86) = C:\Program Files (x86)\Common Files
# environment
PROMPT = $P$G
# environment
MFLAGS = -pqrR
# automatic
*D = $(patsubst %/,%,$(patsubst %\,%,$(dir $*)))
# environment
SYSTEMROOT = C:\WINDOWS
# automatic
+D = $(patsubst %/,%,$(patsubst %\,%,$(dir $+)))
# automatic
+F = $(notdir $+)
# environment
APPDATA = C:\Users\vinicius.barros\AppData\Roaming
# environment
__COMPAT_LAYER = DetectorsMessageBoxErrors
# environment
TEMP = C:\Users\VINICI~1.BAR\AppData\Local\Temp
# environment
COMSPEC = C:\WINDOWS\system32\cmd.exe
# default
MAKEFILES := 
# automatic
<F = $(notdir $<)
# makefile (from 'C:\Users\vinicius.barros\Documents\estudos\Nova pasta\Data-Structures\AbstractDataTypes\HashTable\makefile', line 14)
OBJDIR = .
# environment
LC_ALL = C
# makefile (from 'C:\Users\vinicius.barros\Documents\estudos\Nova pasta\Data-Structures\AbstractDataTypes\HashTable\makefile', line 26)
WDELOBJ = $(SRC:$(SRCDIR)/%$(EXT)=$(OBJDIR)\\%.o)
# automatic
^F = $(notdir $^)
# default
SUFFIXES := 
# environment
SYSTEMDRIVE = C:
# environment
SESSIONNAME = Console
# environment
PROCESSOR_REVISION = 8e09
# default
.RECIPEPREFIX := 
# makefile (from 'C:\Users\vinicius.barros\Documents\estudos\Nova pasta\Data-Structures\AbstractDataTypes\HashTable\makefile', line 25)
EXE = .exe
# environment
LANG = C
# environment
PROCESSOR_LEVEL = 6
# environment
VSCODE_PID = 5224
# environment
USERDOMAIN_ROAMINGPROFILE = YAMAN
# variable set hash-table stats:
# Load=114/1024=11%, Rehash=0, Collisions=22/164=13%

# Pattern-specific Variable Values

# No pattern-specific variable values.

# Directories

# . (key c:/Users/vinicius.barros/Documents/estudos/Nova pasta/Data-Structures, mtime 1620864835): 15 files, no impossibilities.

# 15 files, no impossibilities in 1 directories.

# Implicit Rules

%.d: %.c
#  recipe to execute (from 'C:\Users\vinicius.barros\Documents\estudos\Nova pasta\Data-Structures\AbstractDataTypes\HashTable\makefile', line 40):
	@$(CPP) $(CFLAGS) $< -MM -MT $(@:%.d=$(OBJDIR)/%.o) >$@

%.o: %.c
#  recipe to execute (from 'C:\Users\vinicius.barros\Documents\estudos\Nova pasta\Data-Structures\AbstractDataTypes\HashTable\makefile', line 47):
	$(CC) $(CXXFLAGS) -o $@ -c $<

# 2 implicit rules, 0 (0.0%) terminal.

# Files

all: main
#  Command line target.
#  Implicit rule search has been done.
#  File does not exist.
#  File has been updated.
#  Needs to be updated (-q is set).
# variable set hash-table stats:
# Load=0/32=0%, Rehash=0, Collisions=0/6=0%

.PHONY: clean cleandep cleanw cleandepw
#  Implicit rule search has not been done.
#  Modification time never checked.
#  File has not been updated.

# Not a target:
C:\Users\vinicius.barros\Documents\estudos\Nova pasta\Data-Structures\AbstractDataTypes\HashTable\makefile:
#  Implicit rule search has been done.
#  Last modified 2021-05-12 21:18:26
#  File has been updated.
#  Successfully updated.

# Not a target:
.SUFFIXES:
#  Implicit rule search has not been done.
#  Modification time never checked.
#  File has not been updated.

cleanw:
#  Phony target (prerequisite of .PHONY).
#  Implicit rule search has not been done.
#  File does not exist.
#  File has not been updated.
#  recipe to execute (from 'C:\Users\vinicius.barros\Documents\estudos\Nova pasta\Data-Structures\AbstractDataTypes\HashTable\makefile', line 64):
	$(DEL) $(WDELOBJ) $(DEP) $(APPNAME)$(EXE)

# Not a target:
.DEFAULT:
#  Implicit rule search has not been done.
#  Modification time never checked.
#  File has not been updated.

cleandep:
#  Phony target (prerequisite of .PHONY).
#  Implicit rule search has not been done.
#  File does not exist.
#  File has not been updated.
#  recipe to execute (from 'C:\Users\vinicius.barros\Documents\estudos\Nova pasta\Data-Structures\AbstractDataTypes\HashTable\makefile', line 58):
	$(RM) $(DEP)

cleandepw:
#  Phony target (prerequisite of .PHONY).
#  Implicit rule search has not been done.
#  File does not exist.
#  File has not been updated.
#  recipe to execute (from 'C:\Users\vinicius.barros\Documents\estudos\Nova pasta\Data-Structures\AbstractDataTypes\HashTable\makefile', line 69):
	$(DEL) $(DEP)

clean:
#  Phony target (prerequisite of .PHONY).
#  Implicit rule search has not been done.
#  File does not exist.
#  File has not been updated.
#  recipe to execute (from 'C:\Users\vinicius.barros\Documents\estudos\Nova pasta\Data-Structures\AbstractDataTypes\HashTable\makefile', line 53):
	$(RM) $(DELOBJ) $(DEP) $(APPNAME)

main:
#  Implicit rule search has not been done.
#  Implicit/static pattern stem: ''
#  File does not exist.
#  File has been updated.
#  Needs to be updated (-q is set).
# automatic
# @ := main
# automatic
# % := 
# automatic
# * := 
# automatic
# + := 
# automatic
# | := 
# automatic
# < := 
# automatic
# ^ := 
# automatic
# ? := 
# variable set hash-table stats:
# Load=8/32=25%, Rehash=0, Collisions=1/16=6%
#  recipe to execute (from 'C:\Users\vinicius.barros\Documents\estudos\Nova pasta\Data-Structures\AbstractDataTypes\HashTable\makefile', line 36):
	$(CC) $(CXXFLAGS) -o $@ $^ $(LDFLAGS)

# files hash-table stats:
# Load=10/1024=1%, Rehash=0, Collisions=0/35=0%
# VPATH Search Paths

# No 'vpath' search paths.

# No general ('VPATH' variable) search path.

# strcache buffers: 1 (0) / strings = 28 / storage = 298 B / avg = 10 B
# current buf: size = 8162 B / used = 298 B / count = 28 / avg = 10 B

# strcache performance: lookups = 52 / hit rate = 46%
# hash-table stats:
# Load=28/8192=0%, Rehash=0, Collisions=1/52=2%
# Finished Make data base on Wed May 12 21:21:00 2021

 
